Build started 9/9/2015 7:40:50 PM.
     1>Project "C:\Users\Abbey\Desktop\GameNetworking\Assignment_01\build\RakNet-master\Lib\LibStatic\RakNetLibStatic.vcxproj" on node 2 (Build target(s)).
     1>CustomBuild:
         Building Custom Rule C:/Users/Abbey/Desktop/GameNetworking/Assignment_01/RakNet-master/Lib/LibStatic/CMakeLists.txt
         CMake does not need to re-run because C:\Users\Abbey\Desktop\GameNetworking\Assignment_01\build\RakNet-master\Lib\LibStatic\CMakeFiles\generate.stamp is up-to-date.
       ClCompile:
         C:\Program Files (x86)\Microsoft Visual Studio 12.0\VC\bin\CL.exe /c /I"C:\Users\Abbey\Desktop\GameNetworking\Assignment_01\RakNet-master\Source" /I"C:\Users\Abbey\Desktop\GameNetworking\Assignment_01\RakNet-master\DependentExtensions\openssl-1.0.0d\include" /I"C:\Users\Abbey\Desktop\GameNetworking\Assignment_01\RakNet-master\DependentExtensions" /Zi /nologo /W1 /WX- /Od /Ob0 /Oy- /D WIN32 /D _RAKNET_LIB /D _CRT_NONSTDC_NO_DEPRECATE /D _CRT_SECURE_NO_DEPRECATE /D _DEBUG /D "CMAKE_INTDIR=\"Debug\"" /D _MBCS /Gm- /RTC1 /MDd /GS- /fp:precise /Zc:wchar_t /Zc:forScope /GR- /Fo"RakNetLibStatic.dir\Debug\\" /Fd"RakNetLibStatic.dir\Debug\vc120.pdb" /Gd /TP /analyze- /errorReport:prompt "C:\Users\Abbey\Desktop\GameNetworking\Assignment_01\RakNet-master\Source\Base64Encoder.cpp" "C:\Users\Abbey\Desktop\GameNetworking\Assignment_01\RakNet-master\Source\BitStream.cpp" "C:\Users\Abbey\Desktop\GameNetworking\Assignment_01\RakNet-master\Source\CCRakNetSlidingWindow.cpp" "C:\Users\Abbey\Desktop\GameNetworking\Assignment_01\RakNet-master\Source\CCRakNetUDT.cpp" "C:\Users\Abbey\Desktop\GameNetworking\Assignment_01\RakNet-master\Source\CheckSum.cpp" "C:\Users\Abbey\Desktop\GameNetworking\Assignment_01\RakNet-master\Source\CloudClient.cpp" "C:\Users\Abbey\Desktop\GameNetworking\Assignment_01\RakNet-master\Source\CloudCommon.cpp" "C:\Users\Abbey\Desktop\GameNetworking\Assignment_01\RakNet-master\Source\CloudServer.cpp" "C:\Users\Abbey\Desktop\GameNetworking\Assignment_01\RakNet-master\Source\CommandParserInterface.cpp" "C:\Users\Abbey\Desktop\GameNetworking\Assignment_01\RakNet-master\Source\ConnectionGraph2.cpp" "C:\Users\Abbey\Desktop\GameNetworking\Assignment_01\RakNet-master\Source\ConsoleServer.cpp" "C:\Users\Abbey\Desktop\GameNetworking\Assignment_01\RakNet-master\Source\DataCompressor.cpp" "C:\Users\Abbey\Desktop\GameNetworking\Assignment_01\RakNet-master\Source\DirectoryDeltaTransfer.cpp" "C:\Users\Abbey\Desktop\GameNetworking\Assignment_01\RakNet-master\Source\DR_SHA1.cpp" "C:\Users\Abbey\Desktop\GameNetworking\Assignment_01\RakNet-master\Source\DS_BytePool.cpp" "C:\Users\Abbey\Desktop\GameNetworking\Assignment_01\RakNet-master\Source\DS_ByteQueue.cpp" "C:\Users\Abbey\Desktop\GameNetworking\Assignment_01\RakNet-master\Source\DS_HuffmanEncodingTree.cpp" "C:\Users\Abbey\Desktop\GameNetworking\Assignment_01\RakNet-master\Source\DS_Table.cpp" "C:\Users\Abbey\Desktop\GameNetworking\Assignment_01\RakNet-master\Source\DynDNS.cpp" "C:\Users\Abbey\Desktop\GameNetworking\Assignment_01\RakNet-master\Source\EmailSender.cpp" "C:\Users\Abbey\Desktop\GameNetworking\Assignment_01\RakNet-master\Source\EpochTimeToString.cpp" "C:\Users\Abbey\Desktop\GameNetworking\Assignment_01\RakNet-master\Source\FileList.cpp" "C:\Users\Abbey\Desktop\GameNetworking\Assignment_01\RakNet-master\Source\FileListTransfer.cpp" "C:\Users\Abbey\Desktop\GameNetworking\Assignment_01\RakNet-master\Source\FileOperations.cpp" "C:\Users\Abbey\Desktop\GameNetworking\Assignment_01\RakNet-master\Source\FormatString.cpp" "C:\Users\Abbey\Desktop\GameNetworking\Assignment_01\RakNet-master\Source\FullyConnectedMesh2.cpp" "C:\Users\Abbey\Desktop\GameNetworking\Assignment_01\RakNet-master\Source\Getche.cpp" "C:\Users\Abbey\Desktop\GameNetworking\Assignment_01\RakNet-master\Source\Gets.cpp" "C:\Users\Abbey\Desktop\GameNetworking\Assignment_01\RakNet-master\Source\GetTime.cpp" "C:\Users\Abbey\Desktop\GameNetworking\Assignment_01\RakNet-master\Source\gettimeofday.cpp" "C:\Users\Abbey\Desktop\GameNetworking\Assignment_01\RakNet-master\Source\GridSectorizer.cpp" "C:\Users\Abbey\Desktop\GameNetworking\Assignment_01\RakNet-master\Source\HTTPConnection.cpp" "C:\Users\Abbey\Desktop\GameNetworking\Assignment_01\RakNet-master\Source\HTTPConnection2.cpp" "C:\Users\Abbey\Desktop\GameNetworking\Assignment_01\RakNet-master\Source\IncrementalReadInterface.cpp" "C:\Users\Abbey\Desktop\GameNetworking\Assignment_01\RakNet-master\Source\Itoa.cpp" "C:\Users\Abbey\Desktop\GameNetworking\Assignment_01\RakNet-master\Source\LinuxStrings.cpp" "C:\Users\Abbey\Desktop\GameNetworking\Assignment_01\RakNet-master\Source\LocklessTypes.cpp" "C:\Users\Abbey\Desktop\GameNetworking\Assignment_01\RakNet-master\Source\LogCommandParser.cpp" "C:\Users\Abbey\Desktop\GameNetworking\Assignment_01\RakNet-master\Source\MessageFilter.cpp" "C:\Users\Abbey\Desktop\GameNetworking\Assignment_01\RakNet-master\Source\NatPunchthroughClient.cpp" "C:\Users\Abbey\Desktop\GameNetworking\Assignment_01\RakNet-master\Source\NatPunchthroughServer.cpp" "C:\Users\Abbey\Desktop\GameNetworking\Assignment_01\RakNet-master\Source\NatTypeDetectionClient.cpp" "C:\Users\Abbey\Desktop\GameNetworking\Assignment_01\RakNet-master\Source\NatTypeDetectionCommon.cpp" "C:\Users\Abbey\Desktop\GameNetworking\Assignment_01\RakNet-master\Source\NatTypeDetectionServer.cpp" "C:\Users\Abbey\Desktop\GameNetworking\Assignment_01\RakNet-master\Source\NetworkIDManager.cpp" "C:\Users\Abbey\Desktop\GameNetworking\Assignment_01\RakNet-master\Source\NetworkIDObject.cpp" "C:\Users\Abbey\Desktop\GameNetworking\Assignment_01\RakNet-master\Source\PacketConsoleLogger.cpp" "C:\Users\Abbey\Desktop\GameNetworking\Assignment_01\RakNet-master\Source\PacketFileLogger.cpp" "C:\Users\Abbey\Desktop\GameNetworking\Assignment_01\RakNet-master\Source\PacketizedTCP.cpp" "C:\Users\Abbey\Desktop\GameNetworking\Assignment_01\RakNet-master\Source\PacketLogger.cpp" "C:\Users\Abbey\Desktop\GameNetworking\Assignment_01\RakNet-master\Source\PacketOutputWindowLogger.cpp" "C:\Users\Abbey\Desktop\GameNetworking\Assignment_01\RakNet-master\Source\PluginInterface2.cpp" "C:\Users\Abbey\Desktop\GameNetworking\Assignment_01\RakNet-master\Source\PS4Includes.cpp" "C:\Users\Abbey\Desktop\GameNetworking\Assignment_01\RakNet-master\Source\Rackspace.cpp" "C:\Users\Abbey\Desktop\GameNetworking\Assignment_01\RakNet-master\Source\RakMemoryOverride.cpp" "C:\Users\Abbey\Desktop\GameNetworking\Assignment_01\RakNet-master\Source\RakNetCommandParser.cpp" "C:\Users\Abbey\Desktop\GameNetworking\Assignment_01\RakNet-master\Source\RakNetSocket.cpp" "C:\Users\Abbey\Desktop\GameNetworking\Assignment_01\RakNet-master\Source\RakNetSocket2.cpp" "C:\Users\Abbey\Desktop\GameNetworking\Assignment_01\RakNet-master\Source\RakNetSocket2_360_720.cpp" "C:\Users\Abbey\Desktop\GameNetworking\Assignment_01\RakNet-master\Source\RakNetSocket2_Berkley.cpp" "C:\Users\Abbey\Desktop\GameNetworking\Assignment_01\RakNet-master\Source\RakNetSocket2_Berkley_NativeClient.cpp" "C:\Users\Abbey\Desktop\GameNetworking\Assignment_01\RakNet-master\Source\RakNetSocket2_NativeClient.cpp" "C:\Users\Abbey\Desktop\GameNetworking\Assignment_01\RakNet-master\Source\RakNetSocket2_PS3_PS4.cpp" "C:\Users\Abbey\Desktop\GameNetworking\Assignment_01\RakNet-master\Source\RakNetSocket2_PS4.cpp" "C:\Users\Abbey\Desktop\GameNetworking\Assignment_01\RakNet-master\Source\RakNetSocket2_Vita.cpp" "C:\Users\Abbey\Desktop\GameNetworking\Assignment_01\RakNet-master\Source\RakNetSocket2_WindowsStore8.cpp" "C:\Users\Abbey\Desktop\GameNetworking\Assignment_01\RakNet-master\Source\RakNetSocket2_Windows_Linux.cpp" "C:\Users\Abbey\Desktop\GameNetworking\Assignment_01\RakNet-master\Source\RakNetSocket2_Windows_Linux_360.cpp" "C:\Users\Abbey\Desktop\GameNetworking\Assignment_01\RakNet-master\Source\RakNetStatistics.cpp" "C:\Users\Abbey\Desktop\GameNetworking\Assignment_01\RakNet-master\Source\RakNetTransport2.cpp" "C:\Users\Abbey\Desktop\GameNetworking\Assignment_01\RakNet-master\Source\RakNetTypes.cpp" "C:\Users\Abbey\Desktop\GameNetworking\Assignment_01\RakNet-master\Source\RakPeer.cpp" "C:\Users\Abbey\Desktop\GameNetworking\Assignment_01\RakNet-master\Source\RakSleep.cpp" "C:\Users\Abbey\Desktop\GameNetworking\Assignment_01\RakNet-master\Source\RakString.cpp" "C:\Users\Abbey\Desktop\GameNetworking\Assignment_01\RakNet-master\Source\RakThread.cpp" "C:\Users\Abbey\Desktop\GameNetworking\Assignment_01\RakNet-master\Source\RakWString.cpp" "C:\Users\Abbey\Desktop\GameNetworking\Assignment_01\RakNet-master\Source\Rand.cpp" "C:\Users\Abbey\Desktop\GameNetworking\Assignment_01\RakNet-master\Source\RandSync.cpp" "C:\Users\Abbey\Desktop\GameNetworking\Assignment_01\RakNet-master\Source\ReadyEvent.cpp" "C:\Users\Abbey\Desktop\GameNetworking\Assignment_01\RakNet-master\Source\RelayPlugin.cpp" "C:\Users\Abbey\Desktop\GameNetworking\Assignment_01\RakNet-master\Source\ReliabilityLayer.cpp" "C:\Users\Abbey\Desktop\GameNetworking\Assignment_01\RakNet-master\Source\ReplicaManager3.cpp" "C:\Users\Abbey\Desktop\GameNetworking\Assignment_01\RakNet-master\Source\Router2.cpp" "C:\Users\Abbey\Desktop\GameNetworking\Assignment_01\RakNet-master\Source\RPC4Plugin.cpp" "C:\Users\Abbey\Desktop\GameNetworking\Assignment_01\RakNet-master\Source\SecureHandshake.cpp" "C:\Users\Abbey\Desktop\GameNetworking\Assignment_01\RakNet-master\Source\SendToThread.cpp" "C:\Users\Abbey\Desktop\GameNetworking\Assignment_01\RakNet-master\Source\SignaledEvent.cpp" "C:\Users\Abbey\Desktop\GameNetworking\Assignment_01\RakNet-master\Source\SimpleMutex.cpp" "C:\Users\Abbey\Desktop\GameNetworking\Assignment_01\RakNet-master\Source\SocketLayer.cpp" "C:\Users\Abbey\Desktop\GameNetworking\Assignment_01\RakNet-master\Source\StatisticsHistory.cpp" "C:\Users\Abbey\Desktop\GameNetworking\Assignment_01\RakNet-master\Source\StringCompressor.cpp" "C:\Users\Abbey\Desktop\GameNetworking\Assignment_01\RakNet-master\Source\StringTable.cpp" "C:\Users\Abbey\Desktop\GameNetworking\Assignment_01\RakNet-master\Source\SuperFastHash.cpp" "C:\Users\Abbey\Desktop\GameNetworking\Assignment_01\RakNet-master\Source\TableSerializer.cpp" "C:\Users\Abbey\Desktop\GameNetworking\Assignment_01\RakNet-master\Source\TCPInterface.cpp" "C:\Users\Abbey\Desktop\GameNetworking\Assignment_01\RakNet-master\Source\TeamBalancer.cpp" "C:\Users\Abbey\Desktop\GameNetworking\Assignment_01\RakNet-master\Source\TeamManager.cpp" "C:\Users\Abbey\Desktop\GameNetworking\Assignment_01\RakNet-master\Source\TelnetTransport.cpp" "C:\Users\Abbey\Desktop\GameNetworking\Assignment_01\RakNet-master\Source\ThreadsafePacketLogger.cpp" "C:\Users\Abbey\Desktop\GameNetworking\Assignment_01\RakNet-master\Source\TwoWayAuthentication.cpp" "C:\Users\Abbey\Desktop\GameNetworking\Assignment_01\RakNet-master\Source\UDPForwarder.cpp" "C:\Users\Abbey\Desktop\GameNetworking\Assignment_01\RakNet-master\Source\UDPProxyClient.cpp" "C:\Users\Abbey\Desktop\GameNetworking\Assignment_01\RakNet-master\Source\UDPProxyCoordinator.cpp" "C:\Users\Abbey\Desktop\GameNetworking\Assignment_01\RakNet-master\Source\UDPProxyServer.cpp" "C:\Users\Abbey\Desktop\GameNetworking\Assignment_01\RakNet-master\Source\VariableDeltaSerializer.cpp" "C:\Users\Abbey\Desktop\GameNetworking\Assignment_01\RakNet-master\Source\VariableListDeltaTracker.cpp" "C:\Users\Abbey\Desktop\GameNetworking\Assignment_01\RakNet-master\Source\VariadicSQLParser.cpp" "C:\Users\Abbey\Desktop\GameNetworking\Assignment_01\RakNet-master\Source\VitaIncludes.cpp" "C:\Users\Abbey\Desktop\GameNetworking\Assignment_01\RakNet-master\Source\WSAStartupSingleton.cpp" "C:\Users\Abbey\Desktop\GameNetworking\Assignment_01\RakNet-master\Source\_FindFirst.cpp"
         Base64Encoder.cpp
         BitStream.cpp
         CCRakNetSlidingWindow.cpp
         CCRakNetUDT.cpp
         CheckSum.cpp
         CloudClient.cpp
         CloudCommon.cpp
         CloudServer.cpp
         CommandParserInterface.cpp
         ConnectionGraph2.cpp
         ConsoleServer.cpp
         DataCompressor.cpp
         DirectoryDeltaTransfer.cpp
         DR_SHA1.cpp
     1>C:\Program Files (x86)\Microsoft Visual Studio 12.0\VC\include\xlocale(337): warning C4530: C++ exception handler used, but unwind semantics are not enabled. Specify /EHsc
         DS_BytePool.cpp
         DS_ByteQueue.cpp
         DS_HuffmanEncodingTree.cpp
         DS_Table.cpp
         DynDNS.cpp
         EmailSender.cpp
         Generating Code...
         Compiling...
         EpochTimeToString.cpp
         FileList.cpp
         FileListTransfer.cpp
         FileOperations.cpp
         FormatString.cpp
         FullyConnectedMesh2.cpp
         Getche.cpp
         Gets.cpp
         GetTime.cpp
         gettimeofday.cpp
         GridSectorizer.cpp
         HTTPConnection.cpp
         HTTPConnection2.cpp
         IncrementalReadInterface.cpp
         Itoa.cpp
         LinuxStrings.cpp
         LocklessTypes.cpp
         LogCommandParser.cpp
         MessageFilter.cpp
         NatPunchthroughClient.cpp
         Generating Code...
         Compiling...
         NatPunchthroughServer.cpp
         NatTypeDetectionClient.cpp
         NatTypeDetectionCommon.cpp
         NatTypeDetectionServer.cpp
         NetworkIDManager.cpp
         NetworkIDObject.cpp
         PacketConsoleLogger.cpp
         PacketFileLogger.cpp
         PacketizedTCP.cpp
         PacketLogger.cpp
         PacketOutputWindowLogger.cpp
         PluginInterface2.cpp
         PS4Includes.cpp
         Rackspace.cpp
         RakMemoryOverride.cpp
         RakNetCommandParser.cpp
         RakNetSocket.cpp
         RakNetSocket2.cpp
         RakNetSocket2_360_720.cpp
         RakNetSocket2_Berkley.cpp
         Generating Code...
         Compiling...
         RakNetSocket2_Berkley_NativeClient.cpp
         RakNetSocket2_NativeClient.cpp
         RakNetSocket2_PS3_PS4.cpp
         RakNetSocket2_PS4.cpp
         RakNetSocket2_Vita.cpp
         RakNetSocket2_WindowsStore8.cpp
         RakNetSocket2_Windows_Linux.cpp
         RakNetSocket2_Windows_Linux_360.cpp
         RakNetStatistics.cpp
         RakNetTransport2.cpp
         RakNetTypes.cpp
         RakPeer.cpp
     1>C:\Program Files (x86)\Microsoft Visual Studio 12.0\VC\include\xlocale(337): warning C4530: C++ exception handler used, but unwind semantics are not enabled. Specify /EHsc
         RakSleep.cpp
         RakString.cpp
         RakThread.cpp
         RakWString.cpp
         Rand.cpp
         RandSync.cpp
         ReadyEvent.cpp
         RelayPlugin.cpp
         Generating Code...
         Compiling...
         ReliabilityLayer.cpp
     1>C:\Program Files (x86)\Microsoft Visual Studio 12.0\VC\include\xlocale(337): warning C4530: C++ exception handler used, but unwind semantics are not enabled. Specify /EHsc
         ReplicaManager3.cpp
         Router2.cpp
         RPC4Plugin.cpp
         SecureHandshake.cpp
         SendToThread.cpp
         SignaledEvent.cpp
         SimpleMutex.cpp
         SocketLayer.cpp
     1>C:\Program Files (x86)\Microsoft Visual Studio 12.0\VC\include\xlocale(337): warning C4530: C++ exception handler used, but unwind semantics are not enabled. Specify /EHsc
         StatisticsHistory.cpp
         StringCompressor.cpp
         StringTable.cpp
         SuperFastHash.cpp
         TableSerializer.cpp
         TCPInterface.cpp
         TeamBalancer.cpp
         TeamManager.cpp
         TelnetTransport.cpp
         ThreadsafePacketLogger.cpp
         TwoWayAuthentication.cpp
     1>C:\Program Files (x86)\Microsoft Visual Studio 12.0\VC\include\xlocale(337): warning C4530: C++ exception handler used, but unwind semantics are not enabled. Specify /EHsc
         Generating Code...
         Compiling...
         UDPForwarder.cpp
         UDPProxyClient.cpp
         UDPProxyCoordinator.cpp
         UDPProxyServer.cpp
         VariableDeltaSerializer.cpp
         VariableListDeltaTracker.cpp
         VariadicSQLParser.cpp
         VitaIncludes.cpp
         WSAStartupSingleton.cpp
         _FindFirst.cpp
         Generating Code...
       Lib:
         C:\Program Files (x86)\Microsoft Visual Studio 12.0\VC\bin\Lib.exe /OUT:"C:\Users\Abbey\Desktop\GameNetworking\Assignment_01\build\RakNet-master\Lib\LibStatic\Debug\RakNetLibStatic.lib" /NOLOGO /NODEFAULTLIB:"LIBCD.lib LIBCMTD.lib MSVCRT.lib" RakNetLibStatic.dir\Debug\Base64Encoder.obj
         RakNetLibStatic.dir\Debug\BitStream.obj
         RakNetLibStatic.dir\Debug\CCRakNetSlidingWindow.obj
         RakNetLibStatic.dir\Debug\CCRakNetUDT.obj
         RakNetLibStatic.dir\Debug\CheckSum.obj
         RakNetLibStatic.dir\Debug\CloudClient.obj
         RakNetLibStatic.dir\Debug\CloudCommon.obj
         RakNetLibStatic.dir\Debug\CloudServer.obj
         RakNetLibStatic.dir\Debug\CommandParserInterface.obj
         RakNetLibStatic.dir\Debug\ConnectionGraph2.obj
         RakNetLibStatic.dir\Debug\ConsoleServer.obj
         RakNetLibStatic.dir\Debug\DataCompressor.obj
         RakNetLibStatic.dir\Debug\DirectoryDeltaTransfer.obj
         RakNetLibStatic.dir\Debug\DR_SHA1.obj
         RakNetLibStatic.dir\Debug\DS_BytePool.obj
         RakNetLibStatic.dir\Debug\DS_ByteQueue.obj
         RakNetLibStatic.dir\Debug\DS_HuffmanEncodingTree.obj
         RakNetLibStatic.dir\Debug\DS_Table.obj
         RakNetLibStatic.dir\Debug\DynDNS.obj
         RakNetLibStatic.dir\Debug\EmailSender.obj
         RakNetLibStatic.dir\Debug\EpochTimeToString.obj
         RakNetLibStatic.dir\Debug\FileList.obj
         RakNetLibStatic.dir\Debug\FileListTransfer.obj
         RakNetLibStatic.dir\Debug\FileOperations.obj
         RakNetLibStatic.dir\Debug\FormatString.obj
         RakNetLibStatic.dir\Debug\FullyConnectedMesh2.obj
         RakNetLibStatic.dir\Debug\Getche.obj
         RakNetLibStatic.dir\Debug\Gets.obj
         RakNetLibStatic.dir\Debug\GetTime.obj
         RakNetLibStatic.dir\Debug\gettimeofday.obj
         RakNetLibStatic.dir\Debug\GridSectorizer.obj
         RakNetLibStatic.dir\Debug\HTTPConnection.obj
         RakNetLibStatic.dir\Debug\HTTPConnection2.obj
         RakNetLibStatic.dir\Debug\IncrementalReadInterface.obj
         RakNetLibStatic.dir\Debug\Itoa.obj
         RakNetLibStatic.dir\Debug\LinuxStrings.obj
         RakNetLibStatic.dir\Debug\LocklessTypes.obj
         RakNetLibStatic.dir\Debug\LogCommandParser.obj
         RakNetLibStatic.dir\Debug\MessageFilter.obj
         RakNetLibStatic.dir\Debug\NatPunchthroughClient.obj
         RakNetLibStatic.dir\Debug\NatPunchthroughServer.obj
         RakNetLibStatic.dir\Debug\NatTypeDetectionClient.obj
         RakNetLibStatic.dir\Debug\NatTypeDetectionCommon.obj
         RakNetLibStatic.dir\Debug\NatTypeDetectionServer.obj
         RakNetLibStatic.dir\Debug\NetworkIDManager.obj
         RakNetLibStatic.dir\Debug\NetworkIDObject.obj
         RakNetLibStatic.dir\Debug\PacketConsoleLogger.obj
         RakNetLibStatic.dir\Debug\PacketFileLogger.obj
         RakNetLibStatic.dir\Debug\PacketizedTCP.obj
         RakNetLibStatic.dir\Debug\PacketLogger.obj
         RakNetLibStatic.dir\Debug\PacketOutputWindowLogger.obj
         RakNetLibStatic.dir\Debug\PluginInterface2.obj
         RakNetLibStatic.dir\Debug\PS4Includes.obj
         RakNetLibStatic.dir\Debug\Rackspace.obj
         RakNetLibStatic.dir\Debug\RakMemoryOverride.obj
         RakNetLibStatic.dir\Debug\RakNetCommandParser.obj
         RakNetLibStatic.dir\Debug\RakNetSocket.obj
         RakNetLibStatic.dir\Debug\RakNetSocket2.obj
         RakNetLibStatic.dir\Debug\RakNetSocket2_360_720.obj
         RakNetLibStatic.dir\Debug\RakNetSocket2_Berkley.obj
         RakNetLibStatic.dir\Debug\RakNetSocket2_Berkley_NativeClient.obj
         RakNetLibStatic.dir\Debug\RakNetSocket2_NativeClient.obj
         RakNetLibStatic.dir\Debug\RakNetSocket2_PS3_PS4.obj
         RakNetLibStatic.dir\Debug\RakNetSocket2_PS4.obj
         RakNetLibStatic.dir\Debug\RakNetSocket2_Vita.obj
         RakNetLibStatic.dir\Debug\RakNetSocket2_WindowsStore8.obj
         RakNetLibStatic.dir\Debug\RakNetSocket2_Windows_Linux.obj
         RakNetLibStatic.dir\Debug\RakNetSocket2_Windows_Linux_360.obj
         RakNetLibStatic.dir\Debug\RakNetStatistics.obj
         RakNetLibStatic.dir\Debug\RakNetTransport2.obj
         RakNetLibStatic.dir\Debug\RakNetTypes.obj
         RakNetLibStatic.dir\Debug\RakPeer.obj
         RakNetLibStatic.dir\Debug\RakSleep.obj
         RakNetLibStatic.dir\Debug\RakString.obj
         RakNetLibStatic.dir\Debug\RakThread.obj
         RakNetLibStatic.dir\Debug\RakWString.obj
         RakNetLibStatic.dir\Debug\Rand.obj
         RakNetLibStatic.dir\Debug\RandSync.obj
         RakNetLibStatic.dir\Debug\ReadyEvent.obj
         RakNetLibStatic.dir\Debug\RelayPlugin.obj
         RakNetLibStatic.dir\Debug\ReliabilityLayer.obj
         RakNetLibStatic.dir\Debug\ReplicaManager3.obj
         RakNetLibStatic.dir\Debug\Router2.obj
         RakNetLibStatic.dir\Debug\RPC4Plugin.obj
         RakNetLibStatic.dir\Debug\SecureHandshake.obj
         RakNetLibStatic.dir\Debug\SendToThread.obj
         RakNetLibStatic.dir\Debug\SignaledEvent.obj
         RakNetLibStatic.dir\Debug\SimpleMutex.obj
         RakNetLibStatic.dir\Debug\SocketLayer.obj
         RakNetLibStatic.dir\Debug\StatisticsHistory.obj
         RakNetLibStatic.dir\Debug\StringCompressor.obj
         RakNetLibStatic.dir\Debug\StringTable.obj
         RakNetLibStatic.dir\Debug\SuperFastHash.obj
         RakNetLibStatic.dir\Debug\TableSerializer.obj
         RakNetLibStatic.dir\Debug\TCPInterface.obj
         RakNetLibStatic.dir\Debug\TeamBalancer.obj
         RakNetLibStatic.dir\Debug\TeamManager.obj
         RakNetLibStatic.dir\Debug\TelnetTransport.obj
         RakNetLibStatic.dir\Debug\ThreadsafePacketLogger.obj
         RakNetLibStatic.dir\Debug\TwoWayAuthentication.obj
         RakNetLibStatic.dir\Debug\UDPForwarder.obj
         RakNetLibStatic.dir\Debug\UDPProxyClient.obj
         RakNetLibStatic.dir\Debug\UDPProxyCoordinator.obj
         RakNetLibStatic.dir\Debug\UDPProxyServer.obj
         RakNetLibStatic.dir\Debug\VariableDeltaSerializer.obj
         RakNetLibStatic.dir\Debug\VariableListDeltaTracker.obj
         RakNetLibStatic.dir\Debug\VariadicSQLParser.obj
         RakNetLibStatic.dir\Debug\VitaIncludes.obj
         RakNetLibStatic.dir\Debug\WSAStartupSingleton.obj
         RakNetLibStatic.dir\Debug\_FindFirst.obj
         RakNetLibStatic.vcxproj -> C:\Users\Abbey\Desktop\GameNetworking\Assignment_01\build\RakNet-master\Lib\LibStatic\Debug\RakNetLibStatic.lib
     1>Done Building Project "C:\Users\Abbey\Desktop\GameNetworking\Assignment_01\build\RakNet-master\Lib\LibStatic\RakNetLibStatic.vcxproj" (Build target(s)).

Build succeeded.

Time Elapsed 00:01:09.49
